<?xml version="1.0" encoding="UTF-8"?>
<testng-results ignored="0" total="1" passed="1" failed="0" skipped="0">
  <reporter-output>
  </reporter-output>
  <suite started-at="2024-01-24T19:05:39 CST" name="Default suite" finished-at="2024-01-24T19:05:45 CST" duration-ms="5871">
    <groups>
    </groups>
    <test started-at="2024-01-24T19:05:39 CST" name="Default test" finished-at="2024-01-24T19:05:45 CST" duration-ms="5871">
      <class name="factorytestpage.factorytest">
        <test-method signature="logintest()[pri:0, instance:factorytestpage.factorytest@611889f4]" started-at="2024-01-24T19:05:39 CST" name="logintest" finished-at="2024-01-24T19:05:45 CST" duration-ms="5837" status="PASS">
          <reporter-output>
          </reporter-output>
        </test-method> <!-- logintest -->
      </class> <!-- factorytestpage.factorytest -->
    </test> <!-- Default test -->
  </suite> <!-- Default suite -->
</testng-results>
